New log file opened at Sat Apr 16 16:52:46 EDT 2016 by 6276@Darkmatter
Sending msg to client play-fork-run-0da02090-d4ca-4278-9b08-2f0863928704: DetachedLogEvent(LogMessage(debug,sbt client logs are in: C:\Users\Jared\Documents\CGE\cge\.sbtserver\connections\play-fork-run-0da02090-d4ca-4278-9b08-2f0863928704.log))
Sending msg to client play-fork-run-0da02090-d4ca-4278-9b08-2f0863928704: DetachedLogEvent(LogMessage(debug,sbt server socket logs are in: C:\Users\Jared\Documents\CGE\cge\.sbtserver\connections\master.log))
Reading next message from client.
Sending msg to client play-fork-run-0da02090-d4ca-4278-9b08-2f0863928704: DetachedLogEvent(LogMessage(debug,sbt general server logs are in: C:\Users\Jared\Documents\CGE\cge\.sbtserver\master.log))
Got request: ListenToEvents()
Reading next message from client.
Sending msg to client play-fork-run-0da02090-d4ca-4278-9b08-2f0863928704: DetachedLogEvent(LogMessage(debug,> --initialize))
Sending msg to client play-fork-run-0da02090-d4ca-4278-9b08-2f0863928704: (3,ReceivedResponse())
Sending msg to client play-fork-run-0da02090-d4ca-4278-9b08-2f0863928704: DetachedLogEvent(LogMessage(debug,> initialize))
Sending msg to client play-fork-run-0da02090-d4ca-4278-9b08-2f0863928704: DetachedLogEvent(LogMessage(debug,> onFailure load-failed))
Sending msg to client play-fork-run-0da02090-d4ca-4278-9b08-2f0863928704: DetachedLogEvent(LogMessage(debug,> boot))
Sending msg to client play-fork-run-0da02090-d4ca-4278-9b08-2f0863928704: DetachedLogEvent(LogMessage(debug,> reload))
Sending msg to client play-fork-run-0da02090-d4ca-4278-9b08-2f0863928704: DetachedLogEvent(LogMessage(debug,[Loading] Scanning directory C:\Users\Jared\Documents\CGE\cge\project))
Sending msg to client play-fork-run-0da02090-d4ca-4278-9b08-2f0863928704: DetachedLogEvent(LogMessage(debug,[Loading] Found non-root projects ))
Sending msg to client play-fork-run-0da02090-d4ca-4278-9b08-2f0863928704: DetachedLogEvent(LogMessage(debug,[Loading] Done in C:\Users\Jared\Documents\CGE\cge\project, returning: ()))
Sending msg to client play-fork-run-0da02090-d4ca-4278-9b08-2f0863928704: DetachedLogEvent(LogMessage(debug,deducing auto plugins based on known facts Set(Atom(sbt.plugins.CorePlugin)) and clauses Clauses(List(Clause(Atom(sbt.plugins.JvmPlugin),Set(Atom(sbt.plugins.IvyPlugin))), Clause(Atom(sbt.plugins.JUnitXmlReportPlugin),Set(Atom(sbt.plugins.JvmPlugin))), Clause(Atom(sbt.plugins.CorePlugin),Set(Atom(sbt.plugins.IvyPlugin))), Clause(Atom(sbt.plugins.IvyPlugin),Set(Atom(sbt.plugins.JvmPlugin))), Clause(Atom(sbt.plugins.JvmPlugin),Set(Atom(sbt.plugins.JUnitXmlReportPlugin)))))))
Sending msg to client play-fork-run-0da02090-d4ca-4278-9b08-2f0863928704: DetachedLogEvent(LogMessage(debug,  :: deduced result: Matched(sbt.plugins.CorePlugin,sbt.plugins.IvyPlugin,sbt.plugins.JvmPlugin,sbt.plugins.JUnitXmlReportPlugin)))
Sending msg to client play-fork-run-0da02090-d4ca-4278-9b08-2f0863928704: DetachedLogEvent(LogMessage(debug,sorting: ns: List(sbt.plugins.CorePlugin, sbt.plugins.IvyPlugin, sbt.plugins.JvmPlugin, sbt.plugins.JUnitXmlReportPlugin)))
Sending msg to client play-fork-run-0da02090-d4ca-4278-9b08-2f0863928704: DetachedLogEvent(LogMessage(debug,  :: sorting:: found: List(sbt.plugins.CorePlugin) not found List(sbt.plugins.IvyPlugin, sbt.plugins.JvmPlugin, sbt.plugins.JUnitXmlReportPlugin)))
Sending msg to client play-fork-run-0da02090-d4ca-4278-9b08-2f0863928704: DetachedLogEvent(LogMessage(debug,  :: sorting:: found: List(sbt.plugins.CorePlugin, sbt.plugins.IvyPlugin) not found List(sbt.plugins.JvmPlugin, sbt.plugins.JUnitXmlReportPlugin)))
Sending msg to client play-fork-run-0da02090-d4ca-4278-9b08-2f0863928704: DetachedLogEvent(LogMessage(debug,  :: sorting:: found: List(sbt.plugins.CorePlugin, sbt.plugins.IvyPlugin, sbt.plugins.JvmPlugin) not found List(sbt.plugins.JUnitXmlReportPlugin)))
Sending msg to client play-fork-run-0da02090-d4ca-4278-9b08-2f0863928704: DetachedLogEvent(LogMessage(debug,  :: sorting:: found: List(sbt.plugins.CorePlugin, sbt.plugins.IvyPlugin, sbt.plugins.JvmPlugin, sbt.plugins.JUnitXmlReportPlugin) not found List()))
Sending msg to client play-fork-run-0da02090-d4ca-4278-9b08-2f0863928704: DetachedLogEvent(LogMessage(debug,  :: sorted deduced result: List(sbt.plugins.CorePlugin, sbt.plugins.IvyPlugin, sbt.plugins.JvmPlugin, sbt.plugins.JUnitXmlReportPlugin)))
Sending msg to client play-fork-run-0da02090-d4ca-4278-9b08-2f0863928704: DetachedLogEvent(LogMessage(debug,[Loading] Done in C:\Users\Jared\Documents\CGE\cge\project, returning: (cge-build)))
Got request: UnlistenToEvents()
Reading next message from client.
Sending msg to client play-fork-run-0da02090-d4ca-4278-9b08-2f0863928704: (4,ReceivedResponse())
Got request: ListenToValue(AttributeKey[play.forkrun.protocol.ForkConfig]("playForkConfig") in Scope(Build: file:/C:/Users/Jared/Documents/CGE/cge/, , Project: ProjectReference(file:/C:/Users/Jared/Documents/CGE/cge/,myProject)))
Reading next message from client.
Got request: UnlistenToValue(AttributeKey[play.forkrun.protocol.ForkConfig]("playForkConfig") in Scope(Build: file:/C:/Users/Jared/Documents/CGE/cge/, , Project: ProjectReference(file:/C:/Users/Jared/Documents/CGE/cge/,myProject)))
Reading next message from client.
Got request: ListenToValue(AttributeKey[play.runsupport.Reloader$CompileResult]("playForkReload") in Scope(Build: file:/C:/Users/Jared/Documents/CGE/cge/, , Project: ProjectReference(file:/C:/Users/Jared/Documents/CGE/cge/,myProject)))
Reading next message from client.
Got request: UnlistenToValue(AttributeKey[play.runsupport.Reloader$CompileResult]("playForkReload") in Scope(Build: file:/C:/Users/Jared/Documents/CGE/cge/, , Project: ProjectReference(file:/C:/Users/Jared/Documents/CGE/cge/,myProject)))
Reading next message from client.
Client play-fork-run-0da02090-d4ca-4278-9b08-2f0863928704 EOF, shutting down.
Stopping client.
Dropping message (0,ReceivedResponse()) to dead client play-fork-run-0da02090-d4ca-4278-9b08-2f0863928704
Client play-fork-run-0da02090-d4ca-4278-9b08-2f0863928704 thread exiting.
Dropping message (5,ReceivedResponse()) to dead client play-fork-run-0da02090-d4ca-4278-9b08-2f0863928704
Dropping message (6,ReceivedResponse()) to dead client play-fork-run-0da02090-d4ca-4278-9b08-2f0863928704
Dropping message (7,ReceivedResponse()) to dead client play-fork-run-0da02090-d4ca-4278-9b08-2f0863928704
Dropping message (8,ReceivedResponse()) to dead client play-fork-run-0da02090-d4ca-4278-9b08-2f0863928704
